<?xml version="1.0" encoding="UTF-8"?>
<!-- Generated by org.testng.reporters.JUnitXMLReporter -->
<testsuite hostname="Av-Pn-ReshmaM" ignored="44" name="Default test(failed)(failed)(failed)(failed)" tests="1" failures="1" timestamp="30 Jan 2019 07:00:48 GMT" time="0.731" errors="0">
  <testcase name="BH_test43_telecommunicationservices" time="0.709" classname="Automation.VatEngine.GCC_SoapChecks">
    <failure type="java.lang.StringIndexOutOfBoundsException" message="String index out of range: -1">
      <![CDATA[java.lang.StringIndexOutOfBoundsException: String index out of range: -1
	at java.lang.String.substring(Unknown Source)
	at Automation.VatEngine.GCC_SoapChecks.getVatRate(GCC_SoapChecks.java:894)
	at Automation.VatEngine.GCC_SoapChecks.BH_test43_telecommunicationservices(GCC_SoapChecks.java:835)
... Removed 25 stack frames]]>
    </failure>
  </testcase> <!-- BH_test43_telecommunicationservices -->
  <testcase name="BH_test23_RentingVehicle" time="0.0" classname="Automation.VatEngine.GCC_SoapChecks">
    <ignored/>
  </testcase> <!-- BH_test23_RentingVehicle -->
  <testcase name="BH_test36_SaleOfServices" time="0.0" classname="Automation.VatEngine.GCC_SoapChecks">
    <ignored/>
  </testcase> <!-- BH_test36_SaleOfServices -->
  <testcase name="BH_test41_telecommunicationservices" time="0.0" classname="Automation.VatEngine.GCC_SoapChecks">
    <ignored/>
  </testcase> <!-- BH_test41_telecommunicationservices -->
  <testcase name="BH_test5_Cultural" time="0.0" classname="Automation.VatEngine.GCC_SoapChecks">
    <ignored/>
  </testcase> <!-- BH_test5_Cultural -->
  <testcase name="BH_test15_Cultural" time="0.0" classname="Automation.VatEngine.GCC_SoapChecks">
    <ignored/>
  </testcase> <!-- BH_test15_Cultural -->
  <testcase name="BH_test28_RentingVehicle" time="0.0" classname="Automation.VatEngine.GCC_SoapChecks">
    <ignored/>
  </testcase> <!-- BH_test28_RentingVehicle -->
  <testcase name="BH_test3_Cultural" time="0.0" classname="Automation.VatEngine.GCC_SoapChecks">
    <ignored/>
  </testcase> <!-- BH_test3_Cultural -->
  <testcase name="BH_test8_Cultural" time="0.0" classname="Automation.VatEngine.GCC_SoapChecks">
    <ignored/>
  </testcase> <!-- BH_test8_Cultural -->
  <testcase name="BH_test45_TransportOfPassengers" time="0.0" classname="Automation.VatEngine.GCC_SoapChecks">
    <ignored/>
  </testcase> <!-- BH_test45_TransportOfPassengers -->
  <testcase name="BH_test12_Cultural" time="0.0" classname="Automation.VatEngine.GCC_SoapChecks">
    <ignored/>
  </testcase> <!-- BH_test12_Cultural -->
  <testcase name="BH_test32_RentingVehicle" time="0.0" classname="Automation.VatEngine.GCC_SoapChecks">
    <ignored/>
  </testcase> <!-- BH_test32_RentingVehicle -->
  <testcase name="BH_test19_VatRates" time="0.0" classname="Automation.VatEngine.GCC_SoapChecks">
    <ignored/>
  </testcase> <!-- BH_test19_VatRates -->
  <testcase name="BH_test22_RentingVehicle" time="0.0" classname="Automation.VatEngine.GCC_SoapChecks">
    <ignored/>
  </testcase> <!-- BH_test22_RentingVehicle -->
  <testcase name="BH_test24_RentingVehicle" time="0.0" classname="Automation.VatEngine.GCC_SoapChecks">
    <ignored/>
  </testcase> <!-- BH_test24_RentingVehicle -->
  <testcase name="BH_test40_telecommunicationservices" time="0.0" classname="Automation.VatEngine.GCC_SoapChecks">
    <ignored/>
  </testcase> <!-- BH_test40_telecommunicationservices -->
  <testcase name="BH_test29_RentingVehicle" time="0.0" classname="Automation.VatEngine.GCC_SoapChecks">
    <ignored/>
  </testcase> <!-- BH_test29_RentingVehicle -->
  <testcase name="BH_test6_Cultural" time="0.0" classname="Automation.VatEngine.GCC_SoapChecks">
    <ignored/>
  </testcase> <!-- BH_test6_Cultural -->
  <testcase name="BH_test9_Cultural" time="0.0" classname="Automation.VatEngine.GCC_SoapChecks">
    <ignored/>
  </testcase> <!-- BH_test9_Cultural -->
  <testcase name="BH_test44_TransportOfPassengers" time="0.0" classname="Automation.VatEngine.GCC_SoapChecks">
    <ignored/>
  </testcase> <!-- BH_test44_TransportOfPassengers -->
  <testcase name="BH_test13_Cultural" time="0.0" classname="Automation.VatEngine.GCC_SoapChecks">
    <ignored/>
  </testcase> <!-- BH_test13_Cultural -->
  <testcase name="BH_test16_Cultural" time="0.0" classname="Automation.VatEngine.GCC_SoapChecks">
    <ignored/>
  </testcase> <!-- BH_test16_Cultural -->
  <testcase name="BH_test18_Cultural" time="0.0" classname="Automation.VatEngine.GCC_SoapChecks">
    <ignored/>
  </testcase> <!-- BH_test18_Cultural -->
  <testcase name="BH_test25_RentingVehicle" time="0.0" classname="Automation.VatEngine.GCC_SoapChecks">
    <ignored/>
  </testcase> <!-- BH_test25_RentingVehicle -->
  <testcase name="BH_test39_SaleOfServices" time="0.0" classname="Automation.VatEngine.GCC_SoapChecks">
    <ignored/>
  </testcase> <!-- BH_test39_SaleOfServices -->
  <testcase name="BH_test34_RentingVehicle" time="0.0" classname="Automation.VatEngine.GCC_SoapChecks">
    <ignored/>
  </testcase> <!-- BH_test34_RentingVehicle -->
  <testcase name="BH_test1_Cultural" time="0.0" classname="Automation.VatEngine.GCC_SoapChecks">
    <ignored/>
  </testcase> <!-- BH_test1_Cultural -->
  <testcase name="BH_test10_Cultural" time="0.0" classname="Automation.VatEngine.GCC_SoapChecks">
    <ignored/>
  </testcase> <!-- BH_test10_Cultural -->
  <testcase name="BH_test7_Cultural" time="0.0" classname="Automation.VatEngine.GCC_SoapChecks">
    <ignored/>
  </testcase> <!-- BH_test7_Cultural -->
  <testcase name="BH_test26_RentingVehicle" time="0.0" classname="Automation.VatEngine.GCC_SoapChecks">
    <ignored/>
  </testcase> <!-- BH_test26_RentingVehicle -->
  <testcase name="BH_test33_RentingVehicle" time="0.0" classname="Automation.VatEngine.GCC_SoapChecks">
    <ignored/>
  </testcase> <!-- BH_test33_RentingVehicle -->
  <testcase name="BH_test4_Cultural" time="0.0" classname="Automation.VatEngine.GCC_SoapChecks">
    <ignored/>
  </testcase> <!-- BH_test4_Cultural -->
  <testcase name="BH_test46_TransportOfPassengers" time="0.0" classname="Automation.VatEngine.GCC_SoapChecks">
    <ignored/>
  </testcase> <!-- BH_test46_TransportOfPassengers -->
  <testcase name="BH_test21_RentingVehicle" time="0.0" classname="Automation.VatEngine.GCC_SoapChecks">
    <ignored/>
  </testcase> <!-- BH_test21_RentingVehicle -->
  <testcase name="BH_test11_Cultural" time="0.0" classname="Automation.VatEngine.GCC_SoapChecks">
    <ignored/>
  </testcase> <!-- BH_test11_Cultural -->
  <testcase name="BH_test20_VatRates" time="0.0" classname="Automation.VatEngine.GCC_SoapChecks">
    <ignored/>
  </testcase> <!-- BH_test20_VatRates -->
  <testcase name="BH_test47_TransportOfPassengers" time="0.0" classname="Automation.VatEngine.GCC_SoapChecks">
    <ignored/>
  </testcase> <!-- BH_test47_TransportOfPassengers -->
  <testcase name="BH_test38_SaleOfServices" time="0.0" classname="Automation.VatEngine.GCC_SoapChecks">
    <ignored/>
  </testcase> <!-- BH_test38_SaleOfServices -->
  <testcase name="BH_test42_telecommunicationservices" time="0.0" classname="Automation.VatEngine.GCC_SoapChecks">
    <ignored/>
  </testcase> <!-- BH_test42_telecommunicationservices -->
  <testcase name="BH_test35_RentingVehicle" time="0.0" classname="Automation.VatEngine.GCC_SoapChecks">
    <ignored/>
  </testcase> <!-- BH_test35_RentingVehicle -->
  <testcase name="BH_test17_Cultural" time="0.0" classname="Automation.VatEngine.GCC_SoapChecks">
    <ignored/>
  </testcase> <!-- BH_test17_Cultural -->
  <testcase name="BH_test2_Cultural" time="0.0" classname="Automation.VatEngine.GCC_SoapChecks">
    <ignored/>
  </testcase> <!-- BH_test2_Cultural -->
  <testcase name="BH_test31_RentingVehicle" time="0.0" classname="Automation.VatEngine.GCC_SoapChecks">
    <ignored/>
  </testcase> <!-- BH_test31_RentingVehicle -->
  <testcase name="BH_test27_RentingVehicle" time="0.0" classname="Automation.VatEngine.GCC_SoapChecks">
    <ignored/>
  </testcase> <!-- BH_test27_RentingVehicle -->
  <testcase name="BH_test37_SaleOfServices" time="0.0" classname="Automation.VatEngine.GCC_SoapChecks">
    <ignored/>
  </testcase> <!-- BH_test37_SaleOfServices -->
</testsuite> <!-- Default test(failed)(failed)(failed)(failed) -->
