<?xml version="1.0" encoding="UTF-8"?>
<testng-results skipped="0" failed="0" ignored="0" total="56" passed="56">
  <reporter-output>
  </reporter-output>
  <suite name="Default suite" duration-ms="80468" started-at="2019-02-07T06:35:44Z" finished-at="2019-02-07T06:37:04Z">
    <groups>
    </groups>
    <test name="Default test" duration-ms="80468" started-at="2019-02-07T06:35:44Z" finished-at="2019-02-07T06:37:04Z">
      <class name="Automation.VatEngine.GCC_SoapChecks">
        <test-method status="PASS" signature="BH_test1_Cultural()[pri:1, instance:Automation.VatEngine.GCC_SoapChecks@604ed9f0]" name="BH_test1_Cultural" duration-ms="21811" started-at="2019-02-07T12:05:44Z" finished-at="2019-02-07T12:06:06Z">
          <reporter-output>
          </reporter-output>
        </test-method> <!-- BH_test1_Cultural -->
        <test-method status="PASS" signature="afterrun()[pri:0, instance:Automation.VatEngine.GCC_SoapChecks@604ed9f0]" name="afterrun" is-config="true" duration-ms="2" started-at="2019-02-07T12:06:06Z" finished-at="2019-02-07T12:06:06Z">
          <reporter-output>
          </reporter-output>
        </test-method> <!-- afterrun -->
        <test-method status="PASS" signature="BH_test2_Cultural()[pri:2, instance:Automation.VatEngine.GCC_SoapChecks@604ed9f0]" name="BH_test2_Cultural" duration-ms="462" started-at="2019-02-07T12:06:06Z" finished-at="2019-02-07T12:06:06Z">
          <reporter-output>
          </reporter-output>
        </test-method> <!-- BH_test2_Cultural -->
        <test-method status="PASS" signature="afterrun()[pri:0, instance:Automation.VatEngine.GCC_SoapChecks@604ed9f0]" name="afterrun" is-config="true" duration-ms="7" started-at="2019-02-07T12:06:06Z" finished-at="2019-02-07T12:06:06Z">
          <reporter-output>
          </reporter-output>
        </test-method> <!-- afterrun -->
        <test-method status="PASS" signature="BH_test3_Cultural()[pri:3, instance:Automation.VatEngine.GCC_SoapChecks@604ed9f0]" name="BH_test3_Cultural" duration-ms="429" started-at="2019-02-07T12:06:06Z" finished-at="2019-02-07T12:06:07Z">
          <reporter-output>
          </reporter-output>
        </test-method> <!-- BH_test3_Cultural -->
        <test-method status="PASS" signature="afterrun()[pri:0, instance:Automation.VatEngine.GCC_SoapChecks@604ed9f0]" name="afterrun" is-config="true" duration-ms="1" started-at="2019-02-07T12:06:07Z" finished-at="2019-02-07T12:06:07Z">
          <reporter-output>
          </reporter-output>
        </test-method> <!-- afterrun -->
        <test-method status="PASS" signature="BH_test4_Cultural()[pri:4, instance:Automation.VatEngine.GCC_SoapChecks@604ed9f0]" name="BH_test4_Cultural" duration-ms="437" started-at="2019-02-07T12:06:07Z" finished-at="2019-02-07T12:06:07Z">
          <reporter-output>
          </reporter-output>
        </test-method> <!-- BH_test4_Cultural -->
        <test-method status="PASS" signature="afterrun()[pri:0, instance:Automation.VatEngine.GCC_SoapChecks@604ed9f0]" name="afterrun" is-config="true" duration-ms="0" started-at="2019-02-07T12:06:07Z" finished-at="2019-02-07T12:06:07Z">
          <reporter-output>
          </reporter-output>
        </test-method> <!-- afterrun -->
        <test-method status="PASS" signature="BH_test5_Cultural()[pri:5, instance:Automation.VatEngine.GCC_SoapChecks@604ed9f0]" name="BH_test5_Cultural" duration-ms="402" started-at="2019-02-07T12:06:07Z" finished-at="2019-02-07T12:06:07Z">
          <reporter-output>
          </reporter-output>
        </test-method> <!-- BH_test5_Cultural -->
        <test-method status="PASS" signature="afterrun()[pri:0, instance:Automation.VatEngine.GCC_SoapChecks@604ed9f0]" name="afterrun" is-config="true" duration-ms="0" started-at="2019-02-07T12:06:07Z" finished-at="2019-02-07T12:06:07Z">
          <reporter-output>
          </reporter-output>
        </test-method> <!-- afterrun -->
        <test-method status="PASS" signature="BH_test6_Cultural()[pri:6, instance:Automation.VatEngine.GCC_SoapChecks@604ed9f0]" name="BH_test6_Cultural" duration-ms="601" started-at="2019-02-07T12:06:07Z" finished-at="2019-02-07T12:06:08Z">
          <reporter-output>
          </reporter-output>
        </test-method> <!-- BH_test6_Cultural -->
        <test-method status="PASS" signature="afterrun()[pri:0, instance:Automation.VatEngine.GCC_SoapChecks@604ed9f0]" name="afterrun" is-config="true" duration-ms="1" started-at="2019-02-07T12:06:08Z" finished-at="2019-02-07T12:06:08Z">
          <reporter-output>
          </reporter-output>
        </test-method> <!-- afterrun -->
        <test-method status="PASS" signature="BH_test7_Cultural()[pri:7, instance:Automation.VatEngine.GCC_SoapChecks@604ed9f0]" name="BH_test7_Cultural" duration-ms="390" started-at="2019-02-07T12:06:08Z" finished-at="2019-02-07T12:06:08Z">
          <reporter-output>
          </reporter-output>
        </test-method> <!-- BH_test7_Cultural -->
        <test-method status="PASS" signature="afterrun()[pri:0, instance:Automation.VatEngine.GCC_SoapChecks@604ed9f0]" name="afterrun" is-config="true" duration-ms="3" started-at="2019-02-07T12:06:08Z" finished-at="2019-02-07T12:06:08Z">
          <reporter-output>
          </reporter-output>
        </test-method> <!-- afterrun -->
        <test-method status="PASS" signature="BH_test8_Cultural()[pri:8, instance:Automation.VatEngine.GCC_SoapChecks@604ed9f0]" name="BH_test8_Cultural" duration-ms="350" started-at="2019-02-07T12:06:08Z" finished-at="2019-02-07T12:06:09Z">
          <reporter-output>
          </reporter-output>
        </test-method> <!-- BH_test8_Cultural -->
        <test-method status="PASS" signature="afterrun()[pri:0, instance:Automation.VatEngine.GCC_SoapChecks@604ed9f0]" name="afterrun" is-config="true" duration-ms="1" started-at="2019-02-07T12:06:09Z" finished-at="2019-02-07T12:06:09Z">
          <reporter-output>
          </reporter-output>
        </test-method> <!-- afterrun -->
        <test-method status="PASS" signature="BH_test9_Cultural()[pri:9, instance:Automation.VatEngine.GCC_SoapChecks@604ed9f0]" name="BH_test9_Cultural" duration-ms="494" started-at="2019-02-07T12:06:09Z" finished-at="2019-02-07T12:06:09Z">
          <reporter-output>
          </reporter-output>
        </test-method> <!-- BH_test9_Cultural -->
        <test-method status="PASS" signature="afterrun()[pri:0, instance:Automation.VatEngine.GCC_SoapChecks@604ed9f0]" name="afterrun" is-config="true" duration-ms="2" started-at="2019-02-07T12:06:09Z" finished-at="2019-02-07T12:06:09Z">
          <reporter-output>
          </reporter-output>
        </test-method> <!-- afterrun -->
        <test-method status="PASS" signature="BH_test10_Cultural()[pri:10, instance:Automation.VatEngine.GCC_SoapChecks@604ed9f0]" name="BH_test10_Cultural" duration-ms="441" started-at="2019-02-07T12:06:09Z" finished-at="2019-02-07T12:06:10Z">
          <reporter-output>
          </reporter-output>
        </test-method> <!-- BH_test10_Cultural -->
        <test-method status="PASS" signature="afterrun()[pri:0, instance:Automation.VatEngine.GCC_SoapChecks@604ed9f0]" name="afterrun" is-config="true" duration-ms="0" started-at="2019-02-07T12:06:10Z" finished-at="2019-02-07T12:06:10Z">
          <reporter-output>
          </reporter-output>
        </test-method> <!-- afterrun -->
        <test-method status="PASS" signature="BH_test11_Cultural()[pri:11, instance:Automation.VatEngine.GCC_SoapChecks@604ed9f0]" name="BH_test11_Cultural" duration-ms="405" started-at="2019-02-07T12:06:10Z" finished-at="2019-02-07T12:06:10Z">
          <reporter-output>
          </reporter-output>
        </test-method> <!-- BH_test11_Cultural -->
        <test-method status="PASS" signature="afterrun()[pri:0, instance:Automation.VatEngine.GCC_SoapChecks@604ed9f0]" name="afterrun" is-config="true" duration-ms="3" started-at="2019-02-07T12:06:10Z" finished-at="2019-02-07T12:06:10Z">
          <reporter-output>
          </reporter-output>
        </test-method> <!-- afterrun -->
        <test-method status="PASS" signature="BH_test12_Cultural()[pri:12, instance:Automation.VatEngine.GCC_SoapChecks@604ed9f0]" name="BH_test12_Cultural" duration-ms="16804" started-at="2019-02-07T12:06:10Z" finished-at="2019-02-07T12:06:27Z">
          <reporter-output>
          </reporter-output>
        </test-method> <!-- BH_test12_Cultural -->
        <test-method status="PASS" signature="afterrun()[pri:0, instance:Automation.VatEngine.GCC_SoapChecks@604ed9f0]" name="afterrun" is-config="true" duration-ms="1" started-at="2019-02-07T12:06:27Z" finished-at="2019-02-07T12:06:27Z">
          <reporter-output>
          </reporter-output>
        </test-method> <!-- afterrun -->
        <test-method status="PASS" signature="BH_test13_Cultural()[pri:13, instance:Automation.VatEngine.GCC_SoapChecks@604ed9f0]" name="BH_test13_Cultural" duration-ms="449" started-at="2019-02-07T12:06:27Z" finished-at="2019-02-07T12:06:27Z">
          <reporter-output>
          </reporter-output>
        </test-method> <!-- BH_test13_Cultural -->
        <test-method status="PASS" signature="afterrun()[pri:0, instance:Automation.VatEngine.GCC_SoapChecks@604ed9f0]" name="afterrun" is-config="true" duration-ms="2" started-at="2019-02-07T12:06:27Z" finished-at="2019-02-07T12:06:27Z">
          <reporter-output>
          </reporter-output>
        </test-method> <!-- afterrun -->
        <test-method status="PASS" signature="BH_test15_Cultural()[pri:15, instance:Automation.VatEngine.GCC_SoapChecks@604ed9f0]" name="BH_test15_Cultural" duration-ms="423" started-at="2019-02-07T12:06:27Z" finished-at="2019-02-07T12:06:28Z">
          <reporter-output>
          </reporter-output>
        </test-method> <!-- BH_test15_Cultural -->
        <test-method status="PASS" signature="afterrun()[pri:0, instance:Automation.VatEngine.GCC_SoapChecks@604ed9f0]" name="afterrun" is-config="true" duration-ms="1" started-at="2019-02-07T12:06:28Z" finished-at="2019-02-07T12:06:28Z">
          <reporter-output>
          </reporter-output>
        </test-method> <!-- afterrun -->
        <test-method status="PASS" signature="BH_test16_Cultural()[pri:16, instance:Automation.VatEngine.GCC_SoapChecks@604ed9f0]" name="BH_test16_Cultural" duration-ms="471" started-at="2019-02-07T12:06:28Z" finished-at="2019-02-07T12:06:28Z">
          <reporter-output>
          </reporter-output>
        </test-method> <!-- BH_test16_Cultural -->
        <test-method status="PASS" signature="afterrun()[pri:0, instance:Automation.VatEngine.GCC_SoapChecks@604ed9f0]" name="afterrun" is-config="true" duration-ms="0" started-at="2019-02-07T12:06:28Z" finished-at="2019-02-07T12:06:28Z">
          <reporter-output>
          </reporter-output>
        </test-method> <!-- afterrun -->
        <test-method status="PASS" signature="BH_test17_Cultural()[pri:17, instance:Automation.VatEngine.GCC_SoapChecks@604ed9f0]" name="BH_test17_Cultural" duration-ms="437" started-at="2019-02-07T12:06:28Z" finished-at="2019-02-07T12:06:29Z">
          <reporter-output>
          </reporter-output>
        </test-method> <!-- BH_test17_Cultural -->
        <test-method status="PASS" signature="afterrun()[pri:0, instance:Automation.VatEngine.GCC_SoapChecks@604ed9f0]" name="afterrun" is-config="true" duration-ms="2" started-at="2019-02-07T12:06:29Z" finished-at="2019-02-07T12:06:29Z">
          <reporter-output>
          </reporter-output>
        </test-method> <!-- afterrun -->
        <test-method status="PASS" signature="BH_test18_Cultural()[pri:18, instance:Automation.VatEngine.GCC_SoapChecks@604ed9f0]" name="BH_test18_Cultural" duration-ms="398" started-at="2019-02-07T12:06:29Z" finished-at="2019-02-07T12:06:29Z">
          <reporter-output>
          </reporter-output>
        </test-method> <!-- BH_test18_Cultural -->
        <test-method status="PASS" signature="afterrun()[pri:0, instance:Automation.VatEngine.GCC_SoapChecks@604ed9f0]" name="afterrun" is-config="true" duration-ms="2" started-at="2019-02-07T12:06:29Z" finished-at="2019-02-07T12:06:29Z">
          <reporter-output>
          </reporter-output>
        </test-method> <!-- afterrun -->
        <test-method status="PASS" signature="BH_test19_VatRates()[pri:19, instance:Automation.VatEngine.GCC_SoapChecks@604ed9f0]" name="BH_test19_VatRates" duration-ms="507" started-at="2019-02-07T12:06:29Z" finished-at="2019-02-07T12:06:30Z">
          <reporter-output>
          </reporter-output>
        </test-method> <!-- BH_test19_VatRates -->
        <test-method status="PASS" signature="afterrun()[pri:0, instance:Automation.VatEngine.GCC_SoapChecks@604ed9f0]" name="afterrun" is-config="true" duration-ms="1" started-at="2019-02-07T12:06:30Z" finished-at="2019-02-07T12:06:30Z">
          <reporter-output>
          </reporter-output>
        </test-method> <!-- afterrun -->
        <test-method status="PASS" signature="BH_test20_VatRates()[pri:20, instance:Automation.VatEngine.GCC_SoapChecks@604ed9f0]" name="BH_test20_VatRates" duration-ms="360" started-at="2019-02-07T12:06:30Z" finished-at="2019-02-07T12:06:30Z">
          <reporter-output>
          </reporter-output>
        </test-method> <!-- BH_test20_VatRates -->
        <test-method status="PASS" signature="afterrun()[pri:0, instance:Automation.VatEngine.GCC_SoapChecks@604ed9f0]" name="afterrun" is-config="true" duration-ms="1" started-at="2019-02-07T12:06:30Z" finished-at="2019-02-07T12:06:30Z">
          <reporter-output>
          </reporter-output>
        </test-method> <!-- afterrun -->
        <test-method status="PASS" signature="BH_test21_RentingVehicle()[pri:21, instance:Automation.VatEngine.GCC_SoapChecks@604ed9f0]" name="BH_test21_RentingVehicle" duration-ms="405" started-at="2019-02-07T12:06:30Z" finished-at="2019-02-07T12:06:30Z">
          <reporter-output>
          </reporter-output>
        </test-method> <!-- BH_test21_RentingVehicle -->
        <test-method status="PASS" signature="afterrun()[pri:0, instance:Automation.VatEngine.GCC_SoapChecks@604ed9f0]" name="afterrun" is-config="true" duration-ms="4" started-at="2019-02-07T12:06:30Z" finished-at="2019-02-07T12:06:31Z">
          <reporter-output>
          </reporter-output>
        </test-method> <!-- afterrun -->
        <test-method status="PASS" signature="BH_test22_RentingVehicle()[pri:22, instance:Automation.VatEngine.GCC_SoapChecks@604ed9f0]" name="BH_test22_RentingVehicle" duration-ms="436" started-at="2019-02-07T12:06:31Z" finished-at="2019-02-07T12:06:31Z">
          <reporter-output>
          </reporter-output>
        </test-method> <!-- BH_test22_RentingVehicle -->
        <test-method status="PASS" signature="afterrun()[pri:0, instance:Automation.VatEngine.GCC_SoapChecks@604ed9f0]" name="afterrun" is-config="true" duration-ms="1" started-at="2019-02-07T12:06:31Z" finished-at="2019-02-07T12:06:31Z">
          <reporter-output>
          </reporter-output>
        </test-method> <!-- afterrun -->
        <test-method status="PASS" signature="BH_test23_RentingVehicle()[pri:23, instance:Automation.VatEngine.GCC_SoapChecks@604ed9f0]" name="BH_test23_RentingVehicle" duration-ms="401" started-at="2019-02-07T12:06:31Z" finished-at="2019-02-07T12:06:31Z">
          <reporter-output>
          </reporter-output>
        </test-method> <!-- BH_test23_RentingVehicle -->
        <test-method status="PASS" signature="afterrun()[pri:0, instance:Automation.VatEngine.GCC_SoapChecks@604ed9f0]" name="afterrun" is-config="true" duration-ms="1" started-at="2019-02-07T12:06:31Z" finished-at="2019-02-07T12:06:31Z">
          <reporter-output>
          </reporter-output>
        </test-method> <!-- afterrun -->
        <test-method status="PASS" signature="BH_test24_RentingVehicle()[pri:24, instance:Automation.VatEngine.GCC_SoapChecks@604ed9f0]" name="BH_test24_RentingVehicle" duration-ms="379" started-at="2019-02-07T12:06:31Z" finished-at="2019-02-07T12:06:32Z">
          <reporter-output>
          </reporter-output>
        </test-method> <!-- BH_test24_RentingVehicle -->
        <test-method status="PASS" signature="afterrun()[pri:0, instance:Automation.VatEngine.GCC_SoapChecks@604ed9f0]" name="afterrun" is-config="true" duration-ms="1" started-at="2019-02-07T12:06:32Z" finished-at="2019-02-07T12:06:32Z">
          <reporter-output>
          </reporter-output>
        </test-method> <!-- afterrun -->
        <test-method status="PASS" signature="BH_test25_RentingVehicle()[pri:25, instance:Automation.VatEngine.GCC_SoapChecks@604ed9f0]" name="BH_test25_RentingVehicle" duration-ms="433" started-at="2019-02-07T12:06:32Z" finished-at="2019-02-07T12:06:32Z">
          <reporter-output>
          </reporter-output>
        </test-method> <!-- BH_test25_RentingVehicle -->
        <test-method status="PASS" signature="afterrun()[pri:0, instance:Automation.VatEngine.GCC_SoapChecks@604ed9f0]" name="afterrun" is-config="true" duration-ms="0" started-at="2019-02-07T12:06:32Z" finished-at="2019-02-07T12:06:32Z">
          <reporter-output>
          </reporter-output>
        </test-method> <!-- afterrun -->
        <test-method status="PASS" signature="BH_test26_RentingVehicle()[pri:26, instance:Automation.VatEngine.GCC_SoapChecks@604ed9f0]" name="BH_test26_RentingVehicle" duration-ms="406" started-at="2019-02-07T12:06:32Z" finished-at="2019-02-07T12:06:33Z">
          <reporter-output>
          </reporter-output>
        </test-method> <!-- BH_test26_RentingVehicle -->
        <test-method status="PASS" signature="afterrun()[pri:0, instance:Automation.VatEngine.GCC_SoapChecks@604ed9f0]" name="afterrun" is-config="true" duration-ms="0" started-at="2019-02-07T12:06:33Z" finished-at="2019-02-07T12:06:33Z">
          <reporter-output>
          </reporter-output>
        </test-method> <!-- afterrun -->
        <test-method status="PASS" signature="BH_test27_RentingVehicle()[pri:27, instance:Automation.VatEngine.GCC_SoapChecks@604ed9f0]" name="BH_test27_RentingVehicle" duration-ms="510" started-at="2019-02-07T12:06:33Z" finished-at="2019-02-07T12:06:33Z">
          <reporter-output>
          </reporter-output>
        </test-method> <!-- BH_test27_RentingVehicle -->
        <test-method status="PASS" signature="afterrun()[pri:0, instance:Automation.VatEngine.GCC_SoapChecks@604ed9f0]" name="afterrun" is-config="true" duration-ms="1" started-at="2019-02-07T12:06:33Z" finished-at="2019-02-07T12:06:33Z">
          <reporter-output>
          </reporter-output>
        </test-method> <!-- afterrun -->
        <test-method status="PASS" signature="BH_test28_RentingVehicle()[pri:28, instance:Automation.VatEngine.GCC_SoapChecks@604ed9f0]" name="BH_test28_RentingVehicle" duration-ms="405" started-at="2019-02-07T12:06:33Z" finished-at="2019-02-07T12:06:34Z">
          <reporter-output>
          </reporter-output>
        </test-method> <!-- BH_test28_RentingVehicle -->
        <test-method status="PASS" signature="afterrun()[pri:0, instance:Automation.VatEngine.GCC_SoapChecks@604ed9f0]" name="afterrun" is-config="true" duration-ms="1" started-at="2019-02-07T12:06:34Z" finished-at="2019-02-07T12:06:34Z">
          <reporter-output>
          </reporter-output>
        </test-method> <!-- afterrun -->
        <test-method status="PASS" signature="BH_test29_RentingVehicle()[pri:29, instance:Automation.VatEngine.GCC_SoapChecks@604ed9f0]" name="BH_test29_RentingVehicle" duration-ms="405" started-at="2019-02-07T12:06:34Z" finished-at="2019-02-07T12:06:34Z">
          <reporter-output>
          </reporter-output>
        </test-method> <!-- BH_test29_RentingVehicle -->
        <test-method status="PASS" signature="afterrun()[pri:0, instance:Automation.VatEngine.GCC_SoapChecks@604ed9f0]" name="afterrun" is-config="true" duration-ms="1" started-at="2019-02-07T12:06:34Z" finished-at="2019-02-07T12:06:34Z">
          <reporter-output>
          </reporter-output>
        </test-method> <!-- afterrun -->
        <test-method status="PASS" signature="BH_test31_RentingVehicle()[pri:31, instance:Automation.VatEngine.GCC_SoapChecks@604ed9f0]" name="BH_test31_RentingVehicle" duration-ms="403" started-at="2019-02-07T12:06:34Z" finished-at="2019-02-07T12:06:34Z">
          <reporter-output>
          </reporter-output>
        </test-method> <!-- BH_test31_RentingVehicle -->
        <test-method status="PASS" signature="afterrun()[pri:0, instance:Automation.VatEngine.GCC_SoapChecks@604ed9f0]" name="afterrun" is-config="true" duration-ms="0" started-at="2019-02-07T12:06:34Z" finished-at="2019-02-07T12:06:34Z">
          <reporter-output>
          </reporter-output>
        </test-method> <!-- afterrun -->
        <test-method status="PASS" signature="BH_test32_RentingVehicle()[pri:32, instance:Automation.VatEngine.GCC_SoapChecks@604ed9f0]" name="BH_test32_RentingVehicle" duration-ms="408" started-at="2019-02-07T12:06:34Z" finished-at="2019-02-07T12:06:35Z">
          <reporter-output>
          </reporter-output>
        </test-method> <!-- BH_test32_RentingVehicle -->
        <test-method status="PASS" signature="afterrun()[pri:0, instance:Automation.VatEngine.GCC_SoapChecks@604ed9f0]" name="afterrun" is-config="true" duration-ms="0" started-at="2019-02-07T12:06:35Z" finished-at="2019-02-07T12:06:35Z">
          <reporter-output>
          </reporter-output>
        </test-method> <!-- afterrun -->
        <test-method status="PASS" signature="BH_test33_RentingVehicle()[pri:33, instance:Automation.VatEngine.GCC_SoapChecks@604ed9f0]" name="BH_test33_RentingVehicle" duration-ms="335" started-at="2019-02-07T12:06:35Z" finished-at="2019-02-07T12:06:35Z">
          <reporter-output>
          </reporter-output>
        </test-method> <!-- BH_test33_RentingVehicle -->
        <test-method status="PASS" signature="afterrun()[pri:0, instance:Automation.VatEngine.GCC_SoapChecks@604ed9f0]" name="afterrun" is-config="true" duration-ms="1" started-at="2019-02-07T12:06:35Z" finished-at="2019-02-07T12:06:35Z">
          <reporter-output>
          </reporter-output>
        </test-method> <!-- afterrun -->
        <test-method status="PASS" signature="BH_test34_RentingVehicle()[pri:34, instance:Automation.VatEngine.GCC_SoapChecks@604ed9f0]" name="BH_test34_RentingVehicle" duration-ms="437" started-at="2019-02-07T12:06:35Z" finished-at="2019-02-07T12:06:36Z">
          <reporter-output>
          </reporter-output>
        </test-method> <!-- BH_test34_RentingVehicle -->
        <test-method status="PASS" signature="afterrun()[pri:0, instance:Automation.VatEngine.GCC_SoapChecks@604ed9f0]" name="afterrun" is-config="true" duration-ms="1" started-at="2019-02-07T12:06:36Z" finished-at="2019-02-07T12:06:36Z">
          <reporter-output>
          </reporter-output>
        </test-method> <!-- afterrun -->
        <test-method status="PASS" signature="BH_test35_RentingVehicle()[pri:35, instance:Automation.VatEngine.GCC_SoapChecks@604ed9f0]" name="BH_test35_RentingVehicle" duration-ms="444" started-at="2019-02-07T12:06:36Z" finished-at="2019-02-07T12:06:36Z">
          <reporter-output>
          </reporter-output>
        </test-method> <!-- BH_test35_RentingVehicle -->
        <test-method status="PASS" signature="afterrun()[pri:0, instance:Automation.VatEngine.GCC_SoapChecks@604ed9f0]" name="afterrun" is-config="true" duration-ms="1" started-at="2019-02-07T12:06:36Z" finished-at="2019-02-07T12:06:36Z">
          <reporter-output>
          </reporter-output>
        </test-method> <!-- afterrun -->
        <test-method status="PASS" signature="BH_test36_SaleOfServices()[pri:36, instance:Automation.VatEngine.GCC_SoapChecks@604ed9f0]" name="BH_test36_SaleOfServices" duration-ms="405" started-at="2019-02-07T12:06:36Z" finished-at="2019-02-07T12:06:36Z">
          <reporter-output>
          </reporter-output>
        </test-method> <!-- BH_test36_SaleOfServices -->
        <test-method status="PASS" signature="afterrun()[pri:0, instance:Automation.VatEngine.GCC_SoapChecks@604ed9f0]" name="afterrun" is-config="true" duration-ms="0" started-at="2019-02-07T12:06:36Z" finished-at="2019-02-07T12:06:36Z">
          <reporter-output>
          </reporter-output>
        </test-method> <!-- afterrun -->
        <test-method status="PASS" signature="BH_test37_SaleOfServices()[pri:37, instance:Automation.VatEngine.GCC_SoapChecks@604ed9f0]" name="BH_test37_SaleOfServices" duration-ms="367" started-at="2019-02-07T12:06:36Z" finished-at="2019-02-07T12:06:37Z">
          <reporter-output>
          </reporter-output>
        </test-method> <!-- BH_test37_SaleOfServices -->
        <test-method status="PASS" signature="afterrun()[pri:0, instance:Automation.VatEngine.GCC_SoapChecks@604ed9f0]" name="afterrun" is-config="true" duration-ms="0" started-at="2019-02-07T12:06:37Z" finished-at="2019-02-07T12:06:37Z">
          <reporter-output>
          </reporter-output>
        </test-method> <!-- afterrun -->
        <test-method status="PASS" signature="BH_test38_SaleOfServices()[pri:38, instance:Automation.VatEngine.GCC_SoapChecks@604ed9f0]" name="BH_test38_SaleOfServices" duration-ms="19490" started-at="2019-02-07T12:06:37Z" finished-at="2019-02-07T12:06:56Z">
          <reporter-output>
          </reporter-output>
        </test-method> <!-- BH_test38_SaleOfServices -->
        <test-method status="PASS" signature="afterrun()[pri:0, instance:Automation.VatEngine.GCC_SoapChecks@604ed9f0]" name="afterrun" is-config="true" duration-ms="0" started-at="2019-02-07T12:06:56Z" finished-at="2019-02-07T12:06:56Z">
          <reporter-output>
          </reporter-output>
        </test-method> <!-- afterrun -->
        <test-method status="PASS" signature="BH_test39_SaleOfServices()[pri:39, instance:Automation.VatEngine.GCC_SoapChecks@604ed9f0]" name="BH_test39_SaleOfServices" duration-ms="410" started-at="2019-02-07T12:06:56Z" finished-at="2019-02-07T12:06:57Z">
          <reporter-output>
          </reporter-output>
        </test-method> <!-- BH_test39_SaleOfServices -->
        <test-method status="PASS" signature="afterrun()[pri:0, instance:Automation.VatEngine.GCC_SoapChecks@604ed9f0]" name="afterrun" is-config="true" duration-ms="1" started-at="2019-02-07T12:06:57Z" finished-at="2019-02-07T12:06:57Z">
          <reporter-output>
          </reporter-output>
        </test-method> <!-- afterrun -->
        <test-method status="PASS" signature="BH_test40_telecommunicationservices()[pri:40, instance:Automation.VatEngine.GCC_SoapChecks@604ed9f0]" name="BH_test40_telecommunicationservices" duration-ms="362" started-at="2019-02-07T12:06:57Z" finished-at="2019-02-07T12:06:57Z">
          <reporter-output>
          </reporter-output>
        </test-method> <!-- BH_test40_telecommunicationservices -->
        <test-method status="PASS" signature="afterrun()[pri:0, instance:Automation.VatEngine.GCC_SoapChecks@604ed9f0]" name="afterrun" is-config="true" duration-ms="0" started-at="2019-02-07T12:06:57Z" finished-at="2019-02-07T12:06:57Z">
          <reporter-output>
          </reporter-output>
        </test-method> <!-- afterrun -->
        <test-method status="PASS" signature="BH_test41_telecommunicationservices()[pri:41, instance:Automation.VatEngine.GCC_SoapChecks@604ed9f0]" name="BH_test41_telecommunicationservices" duration-ms="341" started-at="2019-02-07T12:06:57Z" finished-at="2019-02-07T12:06:57Z">
          <reporter-output>
          </reporter-output>
        </test-method> <!-- BH_test41_telecommunicationservices -->
        <test-method status="PASS" signature="afterrun()[pri:0, instance:Automation.VatEngine.GCC_SoapChecks@604ed9f0]" name="afterrun" is-config="true" duration-ms="0" started-at="2019-02-07T12:06:57Z" finished-at="2019-02-07T12:06:57Z">
          <reporter-output>
          </reporter-output>
        </test-method> <!-- afterrun -->
        <test-method status="PASS" signature="BH_test42_telecommunicationservices()[pri:42, instance:Automation.VatEngine.GCC_SoapChecks@604ed9f0]" name="BH_test42_telecommunicationservices" duration-ms="369" started-at="2019-02-07T12:06:57Z" finished-at="2019-02-07T12:06:58Z">
          <reporter-output>
          </reporter-output>
        </test-method> <!-- BH_test42_telecommunicationservices -->
        <test-method status="PASS" signature="afterrun()[pri:0, instance:Automation.VatEngine.GCC_SoapChecks@604ed9f0]" name="afterrun" is-config="true" duration-ms="1" started-at="2019-02-07T12:06:58Z" finished-at="2019-02-07T12:06:58Z">
          <reporter-output>
          </reporter-output>
        </test-method> <!-- afterrun -->
        <test-method status="PASS" signature="BH_test44_TransportOfPassengers()[pri:44, instance:Automation.VatEngine.GCC_SoapChecks@604ed9f0]" name="BH_test44_TransportOfPassengers" duration-ms="412" started-at="2019-02-07T12:06:58Z" finished-at="2019-02-07T12:06:58Z">
          <reporter-output>
          </reporter-output>
        </test-method> <!-- BH_test44_TransportOfPassengers -->
        <test-method status="PASS" signature="BH_test45_TransportOfPassengers()[pri:45, instance:Automation.VatEngine.GCC_SoapChecks@604ed9f0]" name="BH_test45_TransportOfPassengers" duration-ms="345" started-at="2019-02-07T12:06:58Z" finished-at="2019-02-07T12:06:58Z">
          <reporter-output>
          </reporter-output>
        </test-method> <!-- BH_test45_TransportOfPassengers -->
        <test-method status="PASS" signature="afterrun()[pri:0, instance:Automation.VatEngine.GCC_SoapChecks@604ed9f0]" name="afterrun" is-config="true" duration-ms="0" started-at="2019-02-07T12:06:58Z" finished-at="2019-02-07T12:06:58Z">
          <reporter-output>
          </reporter-output>
        </test-method> <!-- afterrun -->
        <test-method status="PASS" signature="afterrun()[pri:0, instance:Automation.VatEngine.GCC_SoapChecks@604ed9f0]" name="afterrun" is-config="true" duration-ms="1" started-at="2019-02-07T12:06:58Z" finished-at="2019-02-07T12:06:58Z">
          <reporter-output>
          </reporter-output>
        </test-method> <!-- afterrun -->
        <test-method status="PASS" signature="BH_test46_TransportOfPassengers()[pri:46, instance:Automation.VatEngine.GCC_SoapChecks@604ed9f0]" name="BH_test46_TransportOfPassengers" duration-ms="414" started-at="2019-02-07T12:06:58Z" finished-at="2019-02-07T12:06:59Z">
          <reporter-output>
          </reporter-output>
        </test-method> <!-- BH_test46_TransportOfPassengers -->
        <test-method status="PASS" signature="afterrun()[pri:0, instance:Automation.VatEngine.GCC_SoapChecks@604ed9f0]" name="afterrun" is-config="true" duration-ms="0" started-at="2019-02-07T12:06:59Z" finished-at="2019-02-07T12:06:59Z">
          <reporter-output>
          </reporter-output>
        </test-method> <!-- afterrun -->
        <test-method status="PASS" signature="BH_test47_TransportOfPassengers()[pri:47, instance:Automation.VatEngine.GCC_SoapChecks@604ed9f0]" name="BH_test47_TransportOfPassengers" duration-ms="317" started-at="2019-02-07T12:06:59Z" finished-at="2019-02-07T12:06:59Z">
          <reporter-output>
          </reporter-output>
        </test-method> <!-- BH_test47_TransportOfPassengers -->
        <test-method status="PASS" signature="afterrun()[pri:0, instance:Automation.VatEngine.GCC_SoapChecks@604ed9f0]" name="afterrun" is-config="true" duration-ms="0" started-at="2019-02-07T12:06:59Z" finished-at="2019-02-07T12:06:59Z">
          <reporter-output>
          </reporter-output>
        </test-method> <!-- afterrun -->
        <test-method status="PASS" signature="BH_test48_TransportOfPassengers()[pri:48, instance:Automation.VatEngine.GCC_SoapChecks@604ed9f0]" name="BH_test48_TransportOfPassengers" duration-ms="462" started-at="2019-02-07T12:06:59Z" finished-at="2019-02-07T12:07:00Z">
          <reporter-output>
          </reporter-output>
        </test-method> <!-- BH_test48_TransportOfPassengers -->
        <test-method status="PASS" signature="afterrun()[pri:0, instance:Automation.VatEngine.GCC_SoapChecks@604ed9f0]" name="afterrun" is-config="true" duration-ms="0" started-at="2019-02-07T12:07:00Z" finished-at="2019-02-07T12:07:00Z">
          <reporter-output>
          </reporter-output>
        </test-method> <!-- afterrun -->
        <test-method status="PASS" signature="BH_test49_TransportOfPassengers()[pri:49, instance:Automation.VatEngine.GCC_SoapChecks@604ed9f0]" name="BH_test49_TransportOfPassengers" duration-ms="400" started-at="2019-02-07T12:07:00Z" finished-at="2019-02-07T12:07:00Z">
          <reporter-output>
          </reporter-output>
        </test-method> <!-- BH_test49_TransportOfPassengers -->
        <test-method status="PASS" signature="afterrun()[pri:0, instance:Automation.VatEngine.GCC_SoapChecks@604ed9f0]" name="afterrun" is-config="true" duration-ms="0" started-at="2019-02-07T12:07:00Z" finished-at="2019-02-07T12:07:00Z">
          <reporter-output>
          </reporter-output>
        </test-method> <!-- afterrun -->
        <test-method status="PASS" signature="BH_test50_TransportOfPassengers()[pri:50, instance:Automation.VatEngine.GCC_SoapChecks@604ed9f0]" name="BH_test50_TransportOfPassengers" duration-ms="412" started-at="2019-02-07T12:07:00Z" finished-at="2019-02-07T12:07:01Z">
          <reporter-output>
          </reporter-output>
        </test-method> <!-- BH_test50_TransportOfPassengers -->
        <test-method status="PASS" signature="afterrun()[pri:0, instance:Automation.VatEngine.GCC_SoapChecks@604ed9f0]" name="afterrun" is-config="true" duration-ms="1" started-at="2019-02-07T12:07:01Z" finished-at="2019-02-07T12:07:01Z">
          <reporter-output>
          </reporter-output>
        </test-method> <!-- afterrun -->
        <test-method status="PASS" signature="BH_tes51_TransportOfPassengers()[pri:51, instance:Automation.VatEngine.GCC_SoapChecks@604ed9f0]" name="BH_tes51_TransportOfPassengers" duration-ms="340" started-at="2019-02-07T12:07:01Z" finished-at="2019-02-07T12:07:01Z">
          <reporter-output>
          </reporter-output>
        </test-method> <!-- BH_tes51_TransportOfPassengers -->
        <test-method status="PASS" signature="afterrun()[pri:0, instance:Automation.VatEngine.GCC_SoapChecks@604ed9f0]" name="afterrun" is-config="true" duration-ms="0" started-at="2019-02-07T12:07:01Z" finished-at="2019-02-07T12:07:01Z">
          <reporter-output>
          </reporter-output>
        </test-method> <!-- afterrun -->
        <test-method status="PASS" signature="BH_test52_TransportOfGoods()[pri:52, instance:Automation.VatEngine.GCC_SoapChecks@604ed9f0]" name="BH_test52_TransportOfGoods" duration-ms="396" started-at="2019-02-07T12:07:01Z" finished-at="2019-02-07T12:07:01Z">
          <reporter-output>
          </reporter-output>
        </test-method> <!-- BH_test52_TransportOfGoods -->
        <test-method status="PASS" signature="afterrun()[pri:0, instance:Automation.VatEngine.GCC_SoapChecks@604ed9f0]" name="afterrun" is-config="true" duration-ms="0" started-at="2019-02-07T12:07:01Z" finished-at="2019-02-07T12:07:01Z">
          <reporter-output>
          </reporter-output>
        </test-method> <!-- afterrun -->
        <test-method status="PASS" signature="BH_test53_TransportOfGoods()[pri:53, instance:Automation.VatEngine.GCC_SoapChecks@604ed9f0]" name="BH_test53_TransportOfGoods" duration-ms="368" started-at="2019-02-07T12:07:01Z" finished-at="2019-02-07T12:07:02Z">
          <reporter-output>
          </reporter-output>
        </test-method> <!-- BH_test53_TransportOfGoods -->
        <test-method status="PASS" signature="afterrun()[pri:0, instance:Automation.VatEngine.GCC_SoapChecks@604ed9f0]" name="afterrun" is-config="true" duration-ms="1" started-at="2019-02-07T12:07:02Z" finished-at="2019-02-07T12:07:02Z">
          <reporter-output>
          </reporter-output>
        </test-method> <!-- afterrun -->
        <test-method status="PASS" signature="BH_test54_TransportOfGoods()[pri:54, instance:Automation.VatEngine.GCC_SoapChecks@604ed9f0]" name="BH_test54_TransportOfGoods" duration-ms="406" started-at="2019-02-07T12:07:02Z" finished-at="2019-02-07T12:07:02Z">
          <reporter-output>
          </reporter-output>
        </test-method> <!-- BH_test54_TransportOfGoods -->
        <test-method status="PASS" signature="afterrun()[pri:0, instance:Automation.VatEngine.GCC_SoapChecks@604ed9f0]" name="afterrun" is-config="true" duration-ms="0" started-at="2019-02-07T12:07:02Z" finished-at="2019-02-07T12:07:02Z">
          <reporter-output>
          </reporter-output>
        </test-method> <!-- afterrun -->
        <test-method status="PASS" signature="BH_test55_TransportOfGoods()[pri:55, instance:Automation.VatEngine.GCC_SoapChecks@604ed9f0]" name="BH_test55_TransportOfGoods" duration-ms="447" started-at="2019-02-07T12:07:02Z" finished-at="2019-02-07T12:07:02Z">
          <reporter-output>
          </reporter-output>
        </test-method> <!-- BH_test55_TransportOfGoods -->
        <test-method status="PASS" signature="afterrun()[pri:0, instance:Automation.VatEngine.GCC_SoapChecks@604ed9f0]" name="afterrun" is-config="true" duration-ms="0" started-at="2019-02-07T12:07:02Z" finished-at="2019-02-07T12:07:02Z">
          <reporter-output>
          </reporter-output>
        </test-method> <!-- afterrun -->
        <test-method status="PASS" signature="BH_test56_TransportOfGoods()[pri:56, instance:Automation.VatEngine.GCC_SoapChecks@604ed9f0]" name="BH_test56_TransportOfGoods" duration-ms="509" started-at="2019-02-07T12:07:02Z" finished-at="2019-02-07T12:07:03Z">
          <reporter-output>
          </reporter-output>
        </test-method> <!-- BH_test56_TransportOfGoods -->
        <test-method status="PASS" signature="afterrun()[pri:0, instance:Automation.VatEngine.GCC_SoapChecks@604ed9f0]" name="afterrun" is-config="true" duration-ms="0" started-at="2019-02-07T12:07:03Z" finished-at="2019-02-07T12:07:03Z">
          <reporter-output>
          </reporter-output>
        </test-method> <!-- afterrun -->
        <test-method status="PASS" signature="BH_test57_TransportOfGoods()[pri:57, instance:Automation.VatEngine.GCC_SoapChecks@604ed9f0]" name="BH_test57_TransportOfGoods" duration-ms="409" started-at="2019-02-07T12:07:03Z" finished-at="2019-02-07T12:07:03Z">
          <reporter-output>
          </reporter-output>
        </test-method> <!-- BH_test57_TransportOfGoods -->
        <test-method status="PASS" signature="afterrun()[pri:0, instance:Automation.VatEngine.GCC_SoapChecks@604ed9f0]" name="afterrun" is-config="true" duration-ms="0" started-at="2019-02-07T12:07:03Z" finished-at="2019-02-07T12:07:03Z">
          <reporter-output>
          </reporter-output>
        </test-method> <!-- afterrun -->
        <test-method status="PASS" signature="BH_test58_TransportOfGoods()[pri:58, instance:Automation.VatEngine.GCC_SoapChecks@604ed9f0]" name="BH_test58_TransportOfGoods" duration-ms="372" started-at="2019-02-07T12:07:03Z" finished-at="2019-02-07T12:07:04Z">
          <reporter-output>
          </reporter-output>
        </test-method> <!-- BH_test58_TransportOfGoods -->
        <test-method status="PASS" signature="afterrun()[pri:0, instance:Automation.VatEngine.GCC_SoapChecks@604ed9f0]" name="afterrun" is-config="true" duration-ms="1" started-at="2019-02-07T12:07:04Z" finished-at="2019-02-07T12:07:04Z">
          <reporter-output>
          </reporter-output>
        </test-method> <!-- afterrun -->
        <test-method status="PASS" signature="BH_test59_TransportOfGoods()[pri:59, instance:Automation.VatEngine.GCC_SoapChecks@604ed9f0]" name="BH_test59_TransportOfGoods" duration-ms="440" started-at="2019-02-07T12:07:04Z" finished-at="2019-02-07T12:07:04Z">
          <reporter-output>
          </reporter-output>
        </test-method> <!-- BH_test59_TransportOfGoods -->
        <test-method status="PASS" signature="afterrun()[pri:0, instance:Automation.VatEngine.GCC_SoapChecks@604ed9f0]" name="afterrun" is-config="true" duration-ms="1" started-at="2019-02-07T12:07:04Z" finished-at="2019-02-07T12:07:04Z">
          <reporter-output>
          </reporter-output>
        </test-method> <!-- afterrun -->
      </class> <!-- Automation.VatEngine.GCC_SoapChecks -->
    </test> <!-- Default test -->
  </suite> <!-- Default suite -->
</testng-results>
